<?xml version="1.0" encoding="UTF-8"?>
<!-- Generated by org.testng.reporters.JUnitReportReporter -->
<testsuite hostname="DESKTOP-VVISJF1" failures="0" tests="3" name="Nirbhay.SeleniumFW.DraftTest" time="69.657" errors="0" timestamp="2023-04-27T15:06:24 IST" skipped="0">
  <testcase classname="Nirbhay.SeleniumFW.DraftTest" name="OrderPageTest" time="21.859"/>
  <system-out/>
  <testcase classname="Nirbhay.SeleniumFW.DraftTest" name="SubmitOrder" time="25.948"/>
  <system-out/>
  <testcase classname="Nirbhay.SeleniumFW.DraftTest" name="SubmitOrder" time="21.850"/>
  <system-out/>
</testsuite> <!-- Nirbhay.SeleniumFW.DraftTest -->
