<?xml version="1.0" encoding="UTF-8"?>
<!-- Generated by org.testng.reporters.JUnitReportReporter -->
<testsuite hostname="DESKTOP-O7EAL3P" failures="0" tests="2" name="Nirbhay.SeleniumFW.DraftTest" time="25.824" errors="0" timestamp="2024-06-15T15:24:57 IST" skipped="0">
  <testcase classname="Nirbhay.SeleniumFW.DraftTest" name="SubmitOrder" time="12.516"/>
  <system-out/>
  <testcase classname="Nirbhay.SeleniumFW.DraftTest" name="SubmitOrder" time="13.308"/>
  <system-out/>
</testsuite> <!-- Nirbhay.SeleniumFW.DraftTest -->
