<?xml version="1.0" encoding="UTF-8"?>
<!-- Generated by org.testng.reporters.JUnitReportReporter -->
<testsuite hostname="DESKTOP-VVISJF1" failures="0" tests="1" name="Cucumber.TestNGTestRunner" time="77.332" errors="0" timestamp="2023-04-30T18:06:16 IST" skipped="0">
  <testcase classname="Cucumber.TestNGTestRunner" name="runScenario" time="77.332"/>
  <system-out/>
</testsuite> <!-- Cucumber.TestNGTestRunner -->
