<?xml version="1.0" encoding="UTF-8"?>
<!-- Generated by org.testng.reporters.JUnitReportReporter -->
<testsuite hostname="DESKTOP-VVISJF1" failures="0" tests="2" name="Nirbhay.SeleniumFW.DraftTest" time="39.900" errors="0" timestamp="2024-05-29T14:08:58 IST" skipped="0">
  <testcase classname="Nirbhay.SeleniumFW.DraftTest" name="SubmitOrder" time="13.261"/>
  <system-out/>
  <testcase classname="Nirbhay.SeleniumFW.DraftTest" name="SubmitOrder" time="26.639"/>
  <system-out/>
</testsuite> <!-- Nirbhay.SeleniumFW.DraftTest -->
