<?xml version="1.0" encoding="UTF-8"?>
<!-- Generated by org.testng.reporters.JUnitReportReporter -->
<testsuite hostname="DESKTOP-VVISJF1" failures="0" tests="1" name="Cucumber.TestNGTestRunner" time="30.751" errors="0" timestamp="2024-05-29T14:26:34 IST" skipped="0">
  <testcase classname="Cucumber.TestNGTestRunner" name="runScenario" time="30.751"/>
  <system-out/>
</testsuite> <!-- Cucumber.TestNGTestRunner -->
