<?xml version="1.0" encoding="UTF-8"?>
<!-- Generated by org.testng.reporters.JUnitReportReporter -->
<testsuite hostname="DESKTOP-O7EAL3P" failures="0" tests="1" name="Cucumber.TestNGTestRunner" time="14.974" errors="0" timestamp="2024-06-13T12:51:59 IST" skipped="0">
  <testcase classname="Cucumber.TestNGTestRunner" name="runScenario" time="14.974"/>
  <system-out/>
</testsuite> <!-- Cucumber.TestNGTestRunner -->
